<?xml version="1.0" encoding="UTF-8"?>
<testsuite name="sofi.controllers.MainControllerTest" tests="1" skipped="0" failures="0" errors="0" timestamp="2018-04-17T15:31:04" hostname="ip-10-134-53-17.us-west-2.compute.internal" time="0.104">
  <properties/>
  <testcase name="greetingShouldReturnDefaultMessage" classname="sofi.controllers.MainControllerTest" time="0.104"/>
  <system-out><![CDATA[2018-04-17 09:31:03.235  INFO 34878 --- [    Test worker] .b.t.c.SpringBootTestContextBootstrapper : Neither @ContextConfiguration nor @ContextHierarchy found for test class [sofi.controllers.MainControllerTest], using SpringBootContextLoader
2018-04-17 09:31:03.235  INFO 34878 --- [    Test worker] o.s.t.c.support.AbstractContextLoader    : Could not detect default resource locations for test class [sofi.controllers.MainControllerTest]: no resource found for suffixes {-context.xml, Context.groovy}.
2018-04-17 09:31:03.235  INFO 34878 --- [    Test worker] t.c.s.AnnotationConfigContextLoaderUtils : Could not detect default configuration classes for test class [sofi.controllers.MainControllerTest]: MainControllerTest does not declare any static, non-private, non-final, nested classes annotated with @Configuration.
2018-04-17 09:31:03.238  INFO 34878 --- [    Test worker] .b.t.c.SpringBootTestContextBootstrapper : Found @SpringBootConfiguration sofi.Application for test class sofi.controllers.MainControllerTest
2018-04-17 09:31:03.239  INFO 34878 --- [    Test worker] .b.t.c.SpringBootTestContextBootstrapper : Loaded default TestExecutionListener class names from location [META-INF/spring.factories]: [org.springframework.boot.test.autoconfigure.restdocs.RestDocsTestExecutionListener, org.springframework.boot.test.autoconfigure.web.client.MockRestServiceServerResetTestExecutionListener, org.springframework.boot.test.autoconfigure.web.servlet.MockMvcPrintOnlyOnFailureTestExecutionListener, org.springframework.boot.test.autoconfigure.web.servlet.WebDriverTestExecutionListener, org.springframework.boot.test.mock.mockito.MockitoTestExecutionListener, org.springframework.boot.test.mock.mockito.ResetMocksTestExecutionListener, org.springframework.test.context.web.ServletTestExecutionListener, org.springframework.test.context.support.DirtiesContextBeforeModesTestExecutionListener, org.springframework.test.context.support.DependencyInjectionTestExecutionListener, org.springframework.test.context.support.DirtiesContextTestExecutionListener, org.springframework.test.context.transaction.TransactionalTestExecutionListener, org.springframework.test.context.jdbc.SqlScriptsTestExecutionListener]
2018-04-17 09:31:03.241  INFO 34878 --- [    Test worker] .b.t.c.SpringBootTestContextBootstrapper : Using TestExecutionListeners: [org.springframework.test.context.web.ServletTestExecutionListener@119667e7, org.springframework.test.context.support.DirtiesContextBeforeModesTestExecutionListener@1b9cf32, org.springframework.boot.test.mock.mockito.MockitoTestExecutionListener@37659282, org.springframework.boot.test.autoconfigure.SpringBootDependencyInjectionTestExecutionListener@30edad96, org.springframework.test.context.support.DirtiesContextTestExecutionListener@12664d33, org.springframework.boot.test.autoconfigure.restdocs.RestDocsTestExecutionListener@5d69c012, org.springframework.boot.test.autoconfigure.web.client.MockRestServiceServerResetTestExecutionListener@4683b8bf, org.springframework.boot.test.autoconfigure.web.servlet.MockMvcPrintOnlyOnFailureTestExecutionListener@1bdf2ce4, org.springframework.boot.test.autoconfigure.web.servlet.WebDriverTestExecutionListener@3b70e579, org.springframework.boot.test.mock.mockito.ResetMocksTestExecutionListener@280adb55]

  .   ____          _            __ _ _
 /\\ / ___'_ __ _ _(_)_ __  __ _ \ \ \ \
( ( )\___ | '_ | '_| | '_ \/ _` | \ \ \ \
 \\/  ___)| |_)| | | | | || (_| |  ) ) ) )
  '  |____| .__|_| |_|_| |_\__, | / / / /
 =========|_|==============|___/=/_/_/_/
 :: Spring Boot ::        (v2.0.0.RELEASE)

2018-04-17 09:31:03.258  INFO 34878 --- [    Test worker] sofi.controllers.MainControllerTest      : Starting MainControllerTest on ip-10-134-53-17.us-west-2.compute.internal with PID 34878 (started by swelch in /Users/swelch/git/Training-Spring-Boot)
2018-04-17 09:31:03.259  INFO 34878 --- [    Test worker] sofi.controllers.MainControllerTest      : No active profile set, falling back to default profiles: default
2018-04-17 09:31:03.261  INFO 34878 --- [    Test worker] ConfigServletWebServerApplicationContext : Refreshing org.springframework.boot.web.servlet.context.AnnotationConfigServletWebServerApplicationContext@6a9b2033: startup date [Tue Apr 17 09:31:03 MDT 2018]; root of context hierarchy
2018-04-17 09:31:03.850  INFO 34878 --- [    Test worker] o.s.b.w.embedded.tomcat.TomcatWebServer  : Tomcat initialized with port(s): 0 (http)
2018-04-17 09:31:03.874  INFO 34878 --- [    Test worker] o.apache.catalina.core.StandardService   : Starting service [Tomcat]
2018-04-17 09:31:03.875  INFO 34878 --- [    Test worker] org.apache.catalina.core.StandardEngine  : Starting Servlet Engine: Apache Tomcat/8.5.28
2018-04-17 09:31:03.883  INFO 34878 --- [ost-startStop-1] o.a.catalina.core.AprLifecycleListener   : The APR based Apache Tomcat Native library which allows optimal performance in production environments was not found on the java.library.path: [/Users/swelch/Library/Java/Extensions:/Library/Java/Extensions:/Network/Library/Java/Extensions:/System/Library/Java/Extensions:/usr/lib/java:.]
2018-04-17 09:31:03.968  INFO 34878 --- [ost-startStop-1] o.a.c.c.C.[Tomcat].[localhost].[/]       : Initializing Spring embedded WebApplicationContext
2018-04-17 09:31:03.968  INFO 34878 --- [ost-startStop-1] o.s.web.context.ContextLoader            : Root WebApplicationContext: initialization completed in 708 ms
2018-04-17 09:31:04.041  INFO 34878 --- [ost-startStop-1] o.s.b.w.servlet.ServletRegistrationBean  : Servlet dispatcherServlet mapped to [/]
2018-04-17 09:31:04.044  INFO 34878 --- [ost-startStop-1] o.s.b.w.servlet.FilterRegistrationBean   : Mapping filter: 'characterEncodingFilter' to: [/*]
2018-04-17 09:31:04.044  INFO 34878 --- [ost-startStop-1] o.s.b.w.servlet.FilterRegistrationBean   : Mapping filter: 'hiddenHttpMethodFilter' to: [/*]
2018-04-17 09:31:04.044  INFO 34878 --- [ost-startStop-1] o.s.b.w.servlet.FilterRegistrationBean   : Mapping filter: 'httpPutFormContentFilter' to: [/*]
2018-04-17 09:31:04.045  INFO 34878 --- [ost-startStop-1] o.s.b.w.servlet.FilterRegistrationBean   : Mapping filter: 'requestContextFilter' to: [/*]
2018-04-17 09:31:04.285  INFO 34878 --- [    Test worker] s.w.s.m.m.a.RequestMappingHandlerMapping : Mapped "{[/hello],methods=[GET]}" onto public java.lang.String sofi.controllers.HelloController.message()
2018-04-17 09:31:04.286  INFO 34878 --- [    Test worker] s.w.s.m.m.a.RequestMappingHandlerMapping : Mapped "{[/],methods=[GET]}" onto public java.lang.String sofi.controllers.MainController.index()
2018-04-17 09:31:04.288  INFO 34878 --- [    Test worker] s.w.s.m.m.a.RequestMappingHandlerMapping : Mapped "{[/swagger-resources/configuration/ui]}" onto public org.springframework.http.ResponseEntity<springfox.documentation.swagger.web.UiConfiguration> springfox.documentation.swagger.web.ApiResourceController.uiConfiguration()
2018-04-17 09:31:04.289  INFO 34878 --- [    Test worker] s.w.s.m.m.a.RequestMappingHandlerMapping : Mapped "{[/swagger-resources/configuration/security]}" onto public org.springframework.http.ResponseEntity<springfox.documentation.swagger.web.SecurityConfiguration> springfox.documentation.swagger.web.ApiResourceController.securityConfiguration()
2018-04-17 09:31:04.289  INFO 34878 --- [    Test worker] s.w.s.m.m.a.RequestMappingHandlerMapping : Mapped "{[/swagger-resources]}" onto public org.springframework.http.ResponseEntity<java.util.List<springfox.documentation.swagger.web.SwaggerResource>> springfox.documentation.swagger.web.ApiResourceController.swaggerResources()
2018-04-17 09:31:04.292  INFO 34878 --- [    Test worker] s.w.s.m.m.a.RequestMappingHandlerMapping : Mapped "{[/error]}" onto public org.springframework.http.ResponseEntity<java.util.Map<java.lang.String, java.lang.Object>> org.springframework.boot.autoconfigure.web.servlet.error.BasicErrorController.error(javax.servlet.http.HttpServletRequest)
2018-04-17 09:31:04.292  INFO 34878 --- [    Test worker] s.w.s.m.m.a.RequestMappingHandlerMapping : Mapped "{[/error],produces=[text/html]}" onto public org.springframework.web.servlet.ModelAndView org.springframework.boot.autoconfigure.web.servlet.error.BasicErrorController.errorHtml(javax.servlet.http.HttpServletRequest,javax.servlet.http.HttpServletResponse)
2018-04-17 09:31:04.380  INFO 34878 --- [    Test worker] pertySourcedRequestMappingHandlerMapping : Mapped URL path [/v2/api-docs] onto method [public org.springframework.http.ResponseEntity<springfox.documentation.spring.web.json.Json> springfox.documentation.swagger2.web.Swagger2Controller.getDocumentation(java.lang.String,javax.servlet.http.HttpServletRequest)]
2018-04-17 09:31:04.473  INFO 34878 --- [    Test worker] s.w.s.m.m.a.RequestMappingHandlerAdapter : Looking for @ControllerAdvice: org.springframework.boot.web.servlet.context.AnnotationConfigServletWebServerApplicationContext@6a9b2033: startup date [Tue Apr 17 09:31:03 MDT 2018]; root of context hierarchy
2018-04-17 09:31:04.492  INFO 34878 --- [    Test worker] o.s.w.s.handler.SimpleUrlHandlerMapping  : Mapped URL path [/webjars/**] onto handler of type [class org.springframework.web.servlet.resource.ResourceHttpRequestHandler]
2018-04-17 09:31:04.492  INFO 34878 --- [    Test worker] o.s.w.s.handler.SimpleUrlHandlerMapping  : Mapped URL path [/**] onto handler of type [class org.springframework.web.servlet.resource.ResourceHttpRequestHandler]
2018-04-17 09:31:04.514  INFO 34878 --- [    Test worker] o.s.w.s.handler.SimpleUrlHandlerMapping  : Mapped URL path [/**/favicon.ico] onto handler of type [class org.springframework.web.servlet.resource.ResourceHttpRequestHandler]
2018-04-17 09:31:04.637  INFO 34878 --- [    Test worker] o.s.c.support.DefaultLifecycleProcessor  : Starting beans in phase 2147483647
2018-04-17 09:31:04.637  INFO 34878 --- [    Test worker] d.s.w.p.DocumentationPluginsBootstrapper : Context refreshed
2018-04-17 09:31:04.655  INFO 34878 --- [    Test worker] d.s.w.p.DocumentationPluginsBootstrapper : Found 1 custom documentation plugin(s)
2018-04-17 09:31:04.678  INFO 34878 --- [    Test worker] s.d.s.w.s.ApiListingReferenceScanner     : Scanning for api listing references
2018-04-17 09:31:04.758  INFO 34878 --- [    Test worker] o.s.b.w.embedded.tomcat.TomcatWebServer  : Tomcat started on port(s): 57472 (http) with context path ''
2018-04-17 09:31:04.759  INFO 34878 --- [    Test worker] sofi.controllers.MainControllerTest      : Started MainControllerTest in 1.517 seconds (JVM running for 4.697)
Let's inspect the beans provided by Spring Boot:
accessorsProvider
api
apiDescriptionLookup
apiDescriptionReader
apiDocumentationScanner
apiListingBuilderPluginRegistry
apiListingReader
apiListingReferenceScanner
apiListingScanner
apiListingScannerPluginRegistry
apiModelBuilder
apiModelPropertyPropertyBuilder
apiModelReader
apiModelTypeNameProvider
apiOperationReader
apiResourceController
application
basicErrorController
beanNameHandlerMapping
beanNameViewResolver
cachingModelDependencyProvider
cachingModelPropertiesProvider
cachingModelProvider
cachingOperationNameGenerator
cachingOperationReader
characterEncodingFilter
classOrApiAnnotationResourceGrouping
commandLineRunner
conventionErrorViewResolver
defaultModelDependencyProvider
defaultModelProvider
defaultOperationReader
defaultServletHandlerMapping
defaultTagsProvider
defaultValidator
defaultViewResolver
defaults
defaultsProviderPluginRegistry
descriptionResolver
dispatcherServlet
dispatcherServletRegistration
documentationPluginRegistry
documentationPluginsBootstrapper
documentationPluginsManager
error
errorAttributes
errorPageCustomizer
errorPageRegistrarBeanPostProcessor
expandedParameterBuilder
expandedParameterBuilderPluginRegistry
factoryMethodProvider
faviconHandlerMapping
faviconRequestHandler
fieldProvider
handlerExceptionResolver
helloController
helloWorldService
hiddenHttpMethodFilter
httpPutFormContentFilter
httpRequestHandlerAdapter
inMemorySwaggerResourcesProvider
jacksonCodecCustomizer
jacksonEnumTypeDeterminer
jacksonObjectMapper
jacksonObjectMapperBuilder
jsonComponentModule
jsonSerializer
licenseMapperImpl
localeCharsetMappingsCustomizer
mainController
mappingJackson2HttpMessageConverter
mediaTypeReader
messageConverters
methodResolver
methodValidationPostProcessor
modelAttributeParameterExpander
modelBuilderPluginRegistry
modelMapperImpl
modelPropertyBuilderPluginRegistry
multipartConfigElement
multipartResolver
mvcContentNegotiationManager
mvcConversionService
mvcHandlerMappingIntrospector
mvcPathMatcher
mvcResourceUrlProvider
mvcUriComponentsContributor
mvcUrlPathHelper
mvcValidator
mvcViewResolver
objectMapperBeanPropertyNamingStrategy
objectMapperConfigurer
operationAuthReader
operationBuilderPluginRegistry
operationDeprecatedReader
operationHiddenReader
operationHttpMethodReader
operationImplicitParameterReader
operationImplicitParametersReader
operationModelsProvider
operationModelsProviderPluginRegistry
operationNicknameIntoUniqueIdReader
operationNotesReader
operationParameterHeadersConditionReader
operationParameterReader
operationParameterRequestConditionReader
operationPathDecorator
operationPositionReader
operationResponseClassReader
operationSummaryReader
operationTagsReader
optimized
org.springframework.boot.autoconfigure.AutoConfigurationPackages
org.springframework.boot.autoconfigure.condition.BeanTypeRegistry
org.springframework.boot.autoconfigure.context.ConfigurationPropertiesAutoConfiguration
org.springframework.boot.autoconfigure.context.PropertyPlaceholderAutoConfiguration
org.springframework.boot.autoconfigure.http.HttpMessageConvertersAutoConfiguration
org.springframework.boot.autoconfigure.http.HttpMessageConvertersAutoConfiguration$StringHttpMessageConverterConfiguration
org.springframework.boot.autoconfigure.http.JacksonHttpMessageConvertersConfiguration
org.springframework.boot.autoconfigure.http.JacksonHttpMessageConvertersConfiguration$MappingJackson2HttpMessageConverterConfiguration
org.springframework.boot.autoconfigure.http.codec.CodecsAutoConfiguration
org.springframework.boot.autoconfigure.http.codec.CodecsAutoConfiguration$JacksonCodecConfiguration
org.springframework.boot.autoconfigure.info.ProjectInfoAutoConfiguration
org.springframework.boot.autoconfigure.internalCachingMetadataReaderFactory
org.springframework.boot.autoconfigure.jackson.JacksonAutoConfiguration
org.springframework.boot.autoconfigure.jackson.JacksonAutoConfiguration$Jackson2ObjectMapperBuilderCustomizerConfiguration
org.springframework.boot.autoconfigure.jackson.JacksonAutoConfiguration$JacksonObjectMapperBuilderConfiguration
org.springframework.boot.autoconfigure.jackson.JacksonAutoConfiguration$JacksonObjectMapperConfiguration
org.springframework.boot.autoconfigure.jackson.JacksonAutoConfiguration$ParameterNamesModuleConfiguration
org.springframework.boot.autoconfigure.security.reactive.ReactiveSecurityAutoConfiguration
org.springframework.boot.autoconfigure.validation.ValidationAutoConfiguration
org.springframework.boot.autoconfigure.web.client.RestTemplateAutoConfiguration
org.springframework.boot.autoconfigure.web.embedded.EmbeddedWebServerFactoryCustomizerAutoConfiguration
org.springframework.boot.autoconfigure.web.embedded.EmbeddedWebServerFactoryCustomizerAutoConfiguration$TomcatWebServerFactoryCustomizerConfiguration
org.springframework.boot.autoconfigure.web.servlet.DispatcherServletAutoConfiguration
org.springframework.boot.autoconfigure.web.servlet.DispatcherServletAutoConfiguration$DispatcherServletConfiguration
org.springframework.boot.autoconfigure.web.servlet.DispatcherServletAutoConfiguration$DispatcherServletRegistrationConfiguration
org.springframework.boot.autoconfigure.web.servlet.HttpEncodingAutoConfiguration
org.springframework.boot.autoconfigure.web.servlet.MultipartAutoConfiguration
org.springframework.boot.autoconfigure.web.servlet.ServletWebServerFactoryAutoConfiguration
org.springframework.boot.autoconfigure.web.servlet.ServletWebServerFactoryConfiguration$EmbeddedTomcat
org.springframework.boot.autoconfigure.web.servlet.WebMvcAutoConfiguration
org.springframework.boot.autoconfigure.web.servlet.WebMvcAutoConfiguration$EnableWebMvcConfiguration
org.springframework.boot.autoconfigure.web.servlet.WebMvcAutoConfiguration$WebMvcAutoConfigurationAdapter
org.springframework.boot.autoconfigure.web.servlet.WebMvcAutoConfiguration$WebMvcAutoConfigurationAdapter$FaviconConfiguration
org.springframework.boot.autoconfigure.web.servlet.error.ErrorMvcAutoConfiguration
org.springframework.boot.autoconfigure.web.servlet.error.ErrorMvcAutoConfiguration$DefaultErrorViewResolverConfiguration
org.springframework.boot.autoconfigure.web.servlet.error.ErrorMvcAutoConfiguration$WhitelabelErrorViewConfiguration
org.springframework.boot.autoconfigure.websocket.servlet.WebSocketServletAutoConfiguration
org.springframework.boot.autoconfigure.websocket.servlet.WebSocketServletAutoConfiguration$TomcatWebSocketConfiguration
org.springframework.boot.context.properties.ConfigurationBeanFactoryMetadata
org.springframework.boot.context.properties.ConfigurationPropertiesBindingPostProcessor
org.springframework.boot.test.mock.mockito.MockitoPostProcessor
org.springframework.boot.test.mock.mockito.MockitoPostProcessor$SpyPostProcessor
org.springframework.boot.test.web.client.TestRestTemplate
org.springframework.boot.test.web.client.TestRestTemplateContextCustomizer$TestRestTemplateRegistrar
org.springframework.context.annotation.internalAutowiredAnnotationProcessor
org.springframework.context.annotation.internalCommonAnnotationProcessor
org.springframework.context.annotation.internalConfigurationAnnotationProcessor
org.springframework.context.annotation.internalRequiredAnnotationProcessor
org.springframework.context.event.internalEventListenerFactory
org.springframework.context.event.internalEventListenerProcessor
parameterBuilderPluginRegistry
parameterDataTypeReader
parameterDefaultReader
parameterMapperImpl
parameterMultiplesReader
parameterNameReader
parameterNamesModule
parameterRequiredReader
parameterTypeReader
pathDecoratorRegistry
pathMappingDecorator
pathSanitizer
preserveErrorControllerTargetClassPostProcessor
propertySourcesPlaceholderConfigurer
queryStringUriTemplateDecorator
requestContextFilter
requestMappingHandlerAdapter
requestMappingHandlerMapping
resourceGroupCache
resourceGroupingStrategyRegistry
resourceHandlerMapping
responseMessagesReader
restTemplateBuilder
schemaPluginsManager
securityMapperImpl
server-org.springframework.boot.autoconfigure.web.ServerProperties
serviceModelToSwagger2MapperImpl
servletWebServerFactoryCustomizer
simpleControllerHandlerAdapter
spring.http.encoding-org.springframework.boot.autoconfigure.http.HttpEncodingProperties
spring.info-org.springframework.boot.autoconfigure.info.ProjectInfoProperties
spring.jackson-org.springframework.boot.autoconfigure.jackson.JacksonProperties
spring.mvc-org.springframework.boot.autoconfigure.web.servlet.WebMvcProperties
spring.resources-org.springframework.boot.autoconfigure.web.ResourceProperties
spring.security-org.springframework.boot.autoconfigure.security.SecurityProperties
spring.servlet.multipart-org.springframework.boot.autoconfigure.web.servlet.MultipartProperties
springfox.documentation.schema.configuration.ModelsConfiguration
springfox.documentation.spring.web.SpringfoxWebMvcConfiguration
springfox.documentation.swagger.configuration.SwaggerCommonConfiguration
springfox.documentation.swagger2.configuration.Swagger2DocumentationConfiguration
standardJacksonObjectMapperBuilderCustomizer
stringHttpMessageConverter
swagger2ControllerMapping
swagger2Module
swaggerApiListingReader
swaggerConfig
swaggerExpandedParameterBuilder
swaggerMediaTypeReader
swaggerOperationModelsProvider
swaggerOperationResponseClassReader
swaggerOperationTagsReader
swaggerParameterDescriptionReader
swaggerResponseMessageReader
tomcatServletWebServerFactory
tomcatServletWebServerFactoryCustomizer
tomcatWebServerFactoryCustomizer
typeNameExtractor
typeNameProviderPluginRegistry
typeResolver
vendorExtensionsMapperImpl
vendorExtensionsReader
viewControllerHandlerMapping
viewResolver
webMvcRequestHandlerProvider
webServerFactoryCustomizerBeanPostProcessor
websocketContainerCustomizer
welcomePageHandlerMapping
xmlModelPlugin
xmlPropertyPlugin
2018-04-17 09:31:04.838  INFO 34878 --- [o-auto-1-exec-1] o.a.c.c.C.[Tomcat].[localhost].[/]       : Initializing Spring FrameworkServlet 'dispatcherServlet'
2018-04-17 09:31:04.838  INFO 34878 --- [o-auto-1-exec-1] o.s.web.servlet.DispatcherServlet        : FrameworkServlet 'dispatcherServlet': initialization started
2018-04-17 09:31:04.852  INFO 34878 --- [o-auto-1-exec-1] o.s.web.servlet.DispatcherServlet        : FrameworkServlet 'dispatcherServlet': initialization completed in 14 ms
]]></system-out>
  <system-err><![CDATA[]]></system-err>
</testsuite>
